[03-Feb-2025 14:25:46 Europe/Berlin] PHP Notice:  ob_end_flush(): Failed to delete and flush buffer. No buffer to delete or flush in C:\xampp\htdocs\Project\save_data.php on line 92
[03-Feb-2025 14:25:46 Europe/Berlin] PHP Notice:  ob_end_flush(): Failed to delete and flush buffer. No buffer to delete or flush in C:\xampp\htdocs\Project\save_data.php on line 92
[03-Feb-2025 14:25:49 Europe/Berlin] PHP Notice:  ob_end_flush(): Failed to delete and flush buffer. No buffer to delete or flush in C:\xampp\htdocs\Project\save_data.php on line 92
[03-Feb-2025 14:25:49 Europe/Berlin] PHP Notice:  ob_end_flush(): Failed to delete and flush buffer. No buffer to delete or flush in C:\xampp\htdocs\Project\save_data.php on line 92
[03-Feb-2025 14:25:56 Europe/Berlin] PHP Notice:  ob_end_flush(): Failed to delete and flush buffer. No buffer to delete or flush in C:\xampp\htdocs\Project\save_data.php on line 92
[03-Feb-2025 14:25:56 Europe/Berlin] PHP Notice:  ob_end_flush(): Failed to delete and flush buffer. No buffer to delete or flush in C:\xampp\htdocs\Project\save_data.php on line 92
[03-Feb-2025 14:28:57 Europe/Berlin] PHP Notice:  ob_end_flush(): Failed to delete and flush buffer. No buffer to delete or flush in C:\xampp\htdocs\Project\save_data.php on line 92
[03-Feb-2025 14:28:57 Europe/Berlin] PHP Notice:  ob_end_flush(): Failed to delete and flush buffer. No buffer to delete or flush in C:\xampp\htdocs\Project\save_data.php on line 92
[03-Feb-2025 14:30:00 Europe/Berlin] PHP Notice:  ob_end_flush(): Failed to delete and flush buffer. No buffer to delete or flush in C:\xampp\htdocs\Project\save_data.php on line 93
[03-Feb-2025 14:30:00 Europe/Berlin] PHP Notice:  ob_end_flush(): Failed to delete and flush buffer. No buffer to delete or flush in C:\xampp\htdocs\Project\save_data.php on line 93
[03-Feb-2025 14:30:04 Europe/Berlin] PHP Notice:  ob_end_flush(): Failed to delete and flush buffer. No buffer to delete or flush in C:\xampp\htdocs\Project\save_data.php on line 93
[03-Feb-2025 14:30:04 Europe/Berlin] PHP Notice:  ob_end_flush(): Failed to delete and flush buffer. No buffer to delete or flush in C:\xampp\htdocs\Project\save_data.php on line 93
[03-Feb-2025 14:35:47 Europe/Berlin] PHP Notice:  ob_end_flush(): Failed to delete and flush buffer. No buffer to delete or flush in C:\xampp\htdocs\Project\save_data.php on line 89
[03-Feb-2025 14:35:47 Europe/Berlin] PHP Notice:  ob_end_flush(): Failed to delete and flush buffer. No buffer to delete or flush in C:\xampp\htdocs\Project\save_data.php on line 89
[03-Feb-2025 14:40:46 Europe/Berlin] PHP Notice:  ob_end_flush(): Failed to delete and flush buffer. No buffer to delete or flush in C:\xampp\htdocs\Project\save_data.php on line 89
[03-Feb-2025 14:40:46 Europe/Berlin] PHP Notice:  ob_end_flush(): Failed to delete and flush buffer. No buffer to delete or flush in C:\xampp\htdocs\Project\save_data.php on line 89
[19-Feb-2025 06:47:22 Europe/Berlin] PHP Fatal error:  Uncaught ArgumentCountError: The number of elements in the type definition string must match the number of bind variables in C:\xampp\htdocs\Project\save_data.php:94
Stack trace:
#0 C:\xampp\htdocs\Project\save_data.php(94): mysqli_stmt->bind_param('issssssssssssss...', 59, 'saifon1987@gmai...', '\xE0\xB8\xAB\xE0\xB8\xB2\xE0\xB8\x84\xE0\xB8\x99\xE0\xB8\x84...', '\xE2\x99\x89 \xE0\xB8\x9E\xE0\xB8\xA4\xE0\xB8\xA9\xE0\xB8...', '\xF0\x9F\x8C\xB9 \xE0\xB8\xAA\xE0\xB8\xA3\xE0\xB9\x89\xE0...', '\xF0\x9F\x85\xB1\xEF\xB8\x8F B', '\xF0\x9F\x98\xB8 \xE0\xB9\x81\xE0\xB8\xA1\xE0\xB8\xA7', '\xF0\x9F\x8D\xB5 \xE0\xB8\x8A\xE0\xB8\xB2', '\xF0\x9F\x9A\xB4\xE2\x80\x8D\xE2\x99\x80\xEF\xB8\x8F \xE0...', '\xE0\xB8\xAA\xE0\xB9\x80\xE0\xB8\x9B\xE0\xB8\x99', '\xF0\x9F\x9B\xA0\xEF\xB8\x8F \xE0\xB8\xAA\xE0\xB8\xB2\xE0...', '\xE0\xB8\x82\xE0\xB8\xA2\xE0\xB8\xB2\xE0\xB8\xA2\xE0\xB8\x84...', '\xE0\xB8\xA2\xE0\xB8\xB1\xE0\xB8\x87\xE0\xB9\x84\xE0\xB8\xA1...', '\xE0\xB9\x84\xE0\xB8\xA1\xE0\xB9\x88\xE0\xB8\xA3\xE0\xB8\xB0...', 0, '\xE0\xB8\x9C\xE0\xB8\xB9\xE0\xB9\x89\xE0\xB8\xAB\xE0\xB8\x8D...', '25', 60, 0, NULL, NULL)
#1 {main}
  thrown in C:\xampp\htdocs\Project\save_data.php on line 94
[19-Feb-2025 06:47:35 Europe/Berlin] PHP Fatal error:  Uncaught ArgumentCountError: The number of elements in the type definition string must match the number of bind variables in C:\xampp\htdocs\Project\save_data.php:94
Stack trace:
#0 C:\xampp\htdocs\Project\save_data.php(94): mysqli_stmt->bind_param('issssssssssssss...', 59, 'saifon1987@gmai...', '\xE0\xB8\xAB\xE0\xB8\xB2\xE0\xB8\x84\xE0\xB8\x99\xE0\xB8\x84...', '\xE2\x99\x89 \xE0\xB8\x9E\xE0\xB8\xA4\xE0\xB8\xA9\xE0\xB8...', '\xF0\x9F\x8C\xB9 \xE0\xB8\xAA\xE0\xB8\xA3\xE0\xB9\x89\xE0...', '\xF0\x9F\x85\xB1\xEF\xB8\x8F B', '\xF0\x9F\x98\xB8 \xE0\xB9\x81\xE0\xB8\xA1\xE0\xB8\xA7', '\xF0\x9F\x8D\xB5 \xE0\xB8\x8A\xE0\xB8\xB2', '\xF0\x9F\x9A\xB4\xE2\x80\x8D\xE2\x99\x80\xEF\xB8\x8F \xE0...', '\xE0\xB8\xAA\xE0\xB9\x80\xE0\xB8\x9B\xE0\xB8\x99', '\xF0\x9F\x9B\xA0\xEF\xB8\x8F \xE0\xB8\xAA\xE0\xB8\xB2\xE0...', '\xE0\xB8\x82\xE0\xB8\xA2\xE0\xB8\xB2\xE0\xB8\xA2\xE0\xB8\x84...', '\xE0\xB8\xA2\xE0\xB8\xB1\xE0\xB8\x87\xE0\xB9\x84\xE0\xB8\xA1...', '\xE0\xB9\x84\xE0\xB8\xA1\xE0\xB9\x88\xE0\xB8\xA3\xE0\xB8\xB0...', 0, '\xE0\xB8\x9C\xE0\xB8\xB9\xE0\xB9\x89\xE0\xB8\xAB\xE0\xB8\x8D...', '25', 60, 0, NULL, NULL)
#1 {main}
  thrown in C:\xampp\htdocs\Project\save_data.php on line 94
